e:\iit\2nd year\sem 1\3dgp\textures tutorial\textures tutorial\3dexample1\debug\vc142.pdb
e:\iit\2nd year\sem 1\3dgp\textures tutorial\textures tutorial\3dexample1\debug\vc142.idb
e:\iit\2nd year\sem 1\3dgp\textures tutorial\textures tutorial\3dexample1\debug\glee.obj
e:\iit\2nd year\sem 1\3dgp\textures tutorial\textures tutorial\3dexample1\debug\gltools.obj
e:\iit\2nd year\sem 1\3dgp\textures tutorial\textures tutorial\3dexample1\debug\math3d.obj
e:\iit\2nd year\sem 1\3dgp\textures tutorial\textures tutorial\3dexample1\debug\glm.obj
e:\iit\2nd year\sem 1\3dgp\textures tutorial\textures tutorial\3dexample1\debug\tutorial9_textures_solution.obj
e:\iit\2nd year\sem 1\3dgp\textures tutorial\textures tutorial\debug\3dexample1.exe
e:\iit\2nd year\sem 1\3dgp\textures tutorial\textures tutorial\debug\3dexample1.ilk
e:\iit\2nd year\sem 1\3dgp\textures tutorial\textures tutorial\debug\3dexample1.pdb
e:\iit\2nd year\sem 1\3dgp\textures tutorial\textures tutorial\3dexample1\debug\3dexample1.res
e:\iit\2nd year\sem 1\3dgp\textures tutorial\textures tutorial\3dexample1\debug\3dexample1.tlog\cl.command.1.tlog
e:\iit\2nd year\sem 1\3dgp\textures tutorial\textures tutorial\3dexample1\debug\3dexample1.tlog\cl.read.1.tlog
e:\iit\2nd year\sem 1\3dgp\textures tutorial\textures tutorial\3dexample1\debug\3dexample1.tlog\cl.write.1.tlog
e:\iit\2nd year\sem 1\3dgp\textures tutorial\textures tutorial\3dexample1\debug\3dexample1.tlog\link.command.1.tlog
e:\iit\2nd year\sem 1\3dgp\textures tutorial\textures tutorial\3dexample1\debug\3dexample1.tlog\link.read.1.tlog
e:\iit\2nd year\sem 1\3dgp\textures tutorial\textures tutorial\3dexample1\debug\3dexample1.tlog\link.write.1.tlog
e:\iit\2nd year\sem 1\3dgp\textures tutorial\textures tutorial\3dexample1\debug\3dexample1.tlog\rc.command.1.tlog
e:\iit\2nd year\sem 1\3dgp\textures tutorial\textures tutorial\3dexample1\debug\3dexample1.tlog\rc.read.1.tlog
e:\iit\2nd year\sem 1\3dgp\textures tutorial\textures tutorial\3dexample1\debug\3dexample1.tlog\rc.write.1.tlog
